[1m[22m
[1mL A R A V E L  E C H O  S E R V E R[22m
[1m[22m
[36mversion 1.6.2[39m
[36m[39m
[36mStarting server...[39m
[36m[39m
[32m✔ [39m Running at localhost on port 6001
[32m✔ [39m Listening for http events...
[32m✔ [39m Listening for redis events...
[36m[39m
[36mServer ready![39m
[36m[39m

L A R A V E L  E C H O  S E R V E R

version 1.6.2

Starting server...

✔  Running at localhost on port 6001
✔  Listening for http events...
✔  Listening for redis events...

Server ready!


L A R A V E L  E C H O  S E R V E R

version 1.6.2

Starting server...

✔  Running at localhost on port 6001
✔  Listening for http events...
✔  Listening for redis events...

Server ready!


L A R A V E L  E C H O  S E R V E R

version 1.6.2

Starting server...

✔  Running at localhost on port 6001
✔  Listening for http events...
✔  Listening for redis events...

Server ready!


L A R A V E L  E C H O  S E R V E R

version 1.6.2

Starting server...

✔  Running at localhost on port 6001
✔  Listening for http events...
✔  Listening for redis events...

Server ready!


L A R A V E L  E C H O  S E R V E R

version 1.6.2

Starting server...

✔  Running at localhost on port 6001
✔  Listening for http events...
✔  Listening for redis events...

Server ready!

[1m[22m
[1mL A R A V E L  E C H O  S E R V E R[22m
[1m[22m
[36mversion 1.6.2[39m
[36m[39m
[36mStarting server...[39m
[36m[39m
[32m✔ [39m Running at localhost on port 6001
[32m✔ [39m Listening for http events...
[32m✔ [39m Listening for redis events...
[36m[39m
[36mServer ready![39m
[36m[39m

L A R A V E L  E C H O  S E R V E R

version 1.6.2

Starting server...

✔  Running at localhost on port 6001
✔  Listening for http events...
✔  Listening for redis events...

Server ready!

[1m[22m
[1mL A R A V E L  E C H O  S E R V E R[22m
[1m[22m
[36mversion 1.6.2[39m
[36m[39m
[36mStarting server...[39m
[36m[39m
[32m✔ [39m Running at localhost on port 6001
[32m✔ [39m Listening for http events...
[32m✔ [39m Listening for redis events...
[36m[39m
[36mServer ready![39m
[36m[39m
[1m[22m
[1mL A R A V E L  E C H O  S E R V E R[22m
[1m[22m
[36mversion 1.6.2[39m
[36m[39m
[36mStarting server...[39m
[36m[39m
[32m✔ [39m Running at localhost on port 6001
[32m✔ [39m Listening for http events...
[32m✔ [39m Listening for redis events...
[36m[39m
[36mServer ready![39m
[36m[39m
[1m[22m
[1mL A R A V E L  E C H O  S E R V E R[22m
[1m[22m
[36mversion 1.6.2[39m
[36m[39m
[36mStarting server...[39m
[36m[39m
[32m✔ [39m Running at localhost on port 6001
[32m✔ [39m Listening for http events...
[32m✔ [39m Listening for redis events...
[36m[39m
[36mServer ready![39m
[36m[39m
[1m[22m
[1mL A R A V E L  E C H O  S E R V E R[22m
[1m[22m
[36mversion 1.6.2[39m
[36m[39m
[36mStarting server...[39m
[36m[39m
[32m✔ [39m Running at localhost on port 6001
[32m✔ [39m Listening for http events...
[32m✔ [39m Listening for redis events...
[36m[39m
[36mServer ready![39m
[36m[39m
[1m[22m
[1mL A R A V E L  E C H O  S E R V E R[22m
[1m[22m
[36mversion 1.6.2[39m
[36m[39m
[36mStarting server...[39m
[36m[39m
[32m✔ [39m Running at localhost on port 6001
[32m✔ [39m Listening for http events...
[32m✔ [39m Listening for redis events...
[36m[39m
[36mServer ready![39m
[36m[39m
[1m[22m
[1mL A R A V E L  E C H O  S E R V E R[22m
[1m[22m
[36mversion 1.6.2[39m
[36m[39m
[36mStarting server...[39m
[36m[39m
[32m✔ [39m Running at localhost on port 6001
[32m✔ [39m Listening for http events...
[32m✔ [39m Listening for redis events...
[36m[39m
[36mServer ready![39m
[36m[39m
[1m[22m
[1mL A R A V E L  E C H O  S E R V E R[22m
[1m[22m
[36mversion 1.6.2[39m
[36m[39m
[36mStarting server...[39m
[36m[39m
[32m✔ [39m Running at localhost on port 6001
[32m✔ [39m Listening for http events...
[32m✔ [39m Listening for redis events...
[36m[39m
[36mServer ready![39m
[36m[39m
[1m[22m
[1mL A R A V E L  E C H O  S E R V E R[22m
[1m[22m
[36mversion 1.6.2[39m
[36m[39m
[36mStarting server...[39m
[36m[39m
[32m✔ [39m Running at localhost on port 6001
[32m✔ [39m Listening for http events...
[32m✔ [39m Listening for redis events...
[36m[39m
[36mServer ready![39m
[36m[39m

L A R A V E L  E C H O  S E R V E R

version 1.6.2

Starting server...

✔  Running at localhost on port 6001
✔  Listening for http events...
✔  Listening for redis events...

Server ready!


L A R A V E L  E C H O  S E R V E R

version 1.6.2

Starting server...

✔  Running at localhost on port 4444
✔  Listening for http events...
✔  Listening for redis events...

Server ready!


L A R A V E L  E C H O  S E R V E R

version 1.6.2

⚠ Starting server in DEV mode...

✔  Running at 555 on port 6000
✔  Channels are ready.
✔  Listening for http events...
✔  Listening for redis events...

Server ready!


L A R A V E L  E C H O  S E R V E R

version 1.6.2

Starting server...

✔  Running at localhost on port 6001
✔  Listening for http events...
✔  Listening for redis events...

Server ready!


L A R A V E L  E C H O  S E R V E R

version 1.6.2

Starting server...

TypeError: Cannot read property '1' of null
    at Server.getPort (/usr/local/lib/node_modules/laravel-echo-server/dist/server.js:27:32)
    at Server.httpServer (/usr/local/lib/node_modules/laravel-echo-server/dist/server.js:72:32)
    at /usr/local/lib/node_modules/laravel-echo-server/dist/server.js:38:31
    at new Promise (<anonymous>)
    at Server.serverProtocol (/usr/local/lib/node_modules/laravel-echo-server/dist/server.js:31:16)
    at /usr/local/lib/node_modules/laravel-echo-server/dist/server.js:17:19
    at new Promise (<anonymous>)
    at Server.init (/usr/local/lib/node_modules/laravel-echo-server/dist/server.js:16:16)
    at /usr/local/lib/node_modules/laravel-echo-server/dist/echo-server.js:51:26
    at new Promise (<anonymous>)

L A R A V E L  E C H O  S E R V E R

version 1.6.2

Starting server...

TypeError: Cannot read property '1' of null
    at Server.getPort (/usr/local/lib/node_modules/laravel-echo-server/dist/server.js:27:32)
    at Server.httpServer (/usr/local/lib/node_modules/laravel-echo-server/dist/server.js:72:32)
    at /usr/local/lib/node_modules/laravel-echo-server/dist/server.js:38:31
    at new Promise (<anonymous>)
    at Server.serverProtocol (/usr/local/lib/node_modules/laravel-echo-server/dist/server.js:31:16)
    at /usr/local/lib/node_modules/laravel-echo-server/dist/server.js:17:19
    at new Promise (<anonymous>)
    at Server.init (/usr/local/lib/node_modules/laravel-echo-server/dist/server.js:16:16)
    at /usr/local/lib/node_modules/laravel-echo-server/dist/echo-server.js:51:26
    at new Promise (<anonymous>)

L A R A V E L  E C H O  S E R V E R

version 1.6.2

Starting server...

TypeError: Cannot read property '1' of null
    at Server.getPort (/usr/local/lib/node_modules/laravel-echo-server/dist/server.js:27:32)
    at Server.httpServer (/usr/local/lib/node_modules/laravel-echo-server/dist/server.js:72:32)
    at /usr/local/lib/node_modules/laravel-echo-server/dist/server.js:38:31
    at new Promise (<anonymous>)
    at Server.serverProtocol (/usr/local/lib/node_modules/laravel-echo-server/dist/server.js:31:16)
    at /usr/local/lib/node_modules/laravel-echo-server/dist/server.js:17:19
    at new Promise (<anonymous>)
    at Server.init (/usr/local/lib/node_modules/laravel-echo-server/dist/server.js:16:16)
    at /usr/local/lib/node_modules/laravel-echo-server/dist/echo-server.js:51:26
    at new Promise (<anonymous>)

L A R A V E L  E C H O  S E R V E R

version 1.6.2

Starting server...

TypeError: Cannot read property '1' of null
    at Server.getPort (/usr/local/lib/node_modules/laravel-echo-server/dist/server.js:27:32)
    at Server.httpServer (/usr/local/lib/node_modules/laravel-echo-server/dist/server.js:72:32)
    at /usr/local/lib/node_modules/laravel-echo-server/dist/server.js:38:31
    at new Promise (<anonymous>)
    at Server.serverProtocol (/usr/local/lib/node_modules/laravel-echo-server/dist/server.js:31:16)
    at /usr/local/lib/node_modules/laravel-echo-server/dist/server.js:17:19
    at new Promise (<anonymous>)
    at Server.init (/usr/local/lib/node_modules/laravel-echo-server/dist/server.js:16:16)
    at /usr/local/lib/node_modules/laravel-echo-server/dist/echo-server.js:51:26
    at new Promise (<anonymous>)

L A R A V E L  E C H O  S E R V E R

version 1.6.2

Starting server...

✔  Running at localhost on port 6001
✔  Listening for http events...
✔  Listening for redis events...

Server ready!


L A R A V E L  E C H O  S E R V E R

version 1.6.2

Starting server...

✔  Running at localhost on port 6001
✔  Listening for http events...
✔  Listening for redis events...

Server ready!


L A R A V E L  E C H O  S E R V E R

version 1.6.2

Starting server...

✔  Running at localhost on port 5888
✔  Listening for http events...
✔  Listening for redis events...

Server ready!


L A R A V E L  E C H O  S E R V E R

version 1.6.2

Starting server...

✔  Running at localhost on port 5888
✔  Listening for http events...
✔  Listening for redis events...

Server ready!


L A R A V E L  E C H O  S E R V E R

version 1.6.2

Starting server...

✔  Running at localhost on port 5888
✔  Listening for http events...
✔  Listening for redis events...

Server ready!


L A R A V E L  E C H O  S E R V E R

version 1.6.2

Starting server...

✔  Running at localhost on port 5888
✔  Listening for http events...
✔  Listening for redis events...

Server ready!


L A R A V E L  E C H O  S E R V E R

version 1.6.2

Starting server...

✔  Running at localhost on port 5888
✔  Listening for http events...

L A R A V E L  E C H O  S E R V E R

version 1.6.2

Starting server...

✔  Running at localhost on port 5888
✔  Listening for http events...
✔  Listening for redis events...

Server ready!


L A R A V E L  E C H O  S E R V E R

version 1.6.2

Starting server...

✔  Running at localhost on port 6000
✔  Listening for http events...
✔  Listening for redis events...

Server ready!


L A R A V E L  E C H O  S E R V E R

version 1.6.2

Starting server...

✔  Running at localhost on port 6000
✔  Listening for http events...
✔  Listening for redis events...

Server ready!


L A R A V E L  E C H O  S E R V E R

version 1.6.2

Starting server...

✔  Running at localhost on port 6000
✔  Listening for http events...
✔  Listening for redis events...

Server ready!


L A R A V E L  E C H O  S E R V E R

version 1.6.2

Starting server...

✔  Running at localhost on port 6000
✔  Listening for http events...
✔  Listening for redis events...

Server ready!


L A R A V E L  E C H O  S E R V E R

version 1.6.2

Starting server...

✔  Running at localhost on port 6000
✔  Listening for http events...
✔  Listening for redis events...

Server ready!

